2016-09-08 10:38:24 ERROR Test:38 - org.datanucleus.api.jdo.exceptions.ClassNotPersistenceCapableException: The class "com.tbitsglobal.Employee" is not persistable. This means that it either hasnt been enhanced, or that the enhanced version of the file is not in the CLASSPATH (or is hidden by an unenhanced version), or the Meta-Data/annotations for the class are not found.
NestedThrowables:
org.datanucleus.exceptions.ClassNotPersistableException: The class "com.tbitsglobal.Employee" is not persistable. This means that it either hasnt been enhanced, or that the enhanced version of the file is not in the CLASSPATH (or is hidden by an unenhanced version), or the Meta-Data/annotations for the class are not found.
2016-09-08 10:39:10 ERROR Test:38 - org.datanucleus.api.jdo.exceptions.ClassNotPersistenceCapableException: The class "com.tbitsglobal.Employee" is not persistable. This means that it either hasnt been enhanced, or that the enhanced version of the file is not in the CLASSPATH (or is hidden by an unenhanced version), or the Meta-Data/annotations for the class are not found.
NestedThrowables:
org.datanucleus.exceptions.ClassNotPersistableException: The class "com.tbitsglobal.Employee" is not persistable. This means that it either hasnt been enhanced, or that the enhanced version of the file is not in the CLASSPATH (or is hidden by an unenhanced version), or the Meta-Data/annotations for the class are not found.
2016-09-13 16:55:04 ERROR Test:39 - org.datanucleus.api.jdo.exceptions.ClassNotPersistenceCapableException: The class "org.tbitsglobal.User" is not persistable. This means that it either hasnt been enhanced, or that the enhanced version of the file is not in the CLASSPATH (or is hidden by an unenhanced version), or the Meta-Data/annotations for the class are not found.
NestedThrowables:
org.datanucleus.exceptions.ClassNotPersistableException: The class "org.tbitsglobal.User" is not persistable. This means that it either hasnt been enhanced, or that the enhanced version of the file is not in the CLASSPATH (or is hidden by an unenhanced version), or the Meta-Data/annotations for the class are not found.
2016-09-13 16:55:34 ERROR Test:39 - org.datanucleus.api.jdo.exceptions.ClassNotPersistenceCapableException: The class "org.tbitsglobal.User" is not persistable. This means that it either hasnt been enhanced, or that the enhanced version of the file is not in the CLASSPATH (or is hidden by an unenhanced version), or the Meta-Data/annotations for the class are not found.
NestedThrowables:
org.datanucleus.exceptions.ClassNotPersistableException: The class "org.tbitsglobal.User" is not persistable. This means that it either hasnt been enhanced, or that the enhanced version of the file is not in the CLASSPATH (or is hidden by an unenhanced version), or the Meta-Data/annotations for the class are not found.
2016-09-13 16:55:36 ERROR Test:39 - org.datanucleus.api.jdo.exceptions.ClassNotPersistenceCapableException: The class "org.tbitsglobal.User" is not persistable. This means that it either hasnt been enhanced, or that the enhanced version of the file is not in the CLASSPATH (or is hidden by an unenhanced version), or the Meta-Data/annotations for the class are not found.
NestedThrowables:
org.datanucleus.exceptions.ClassNotPersistableException: The class "org.tbitsglobal.User" is not persistable. This means that it either hasnt been enhanced, or that the enhanced version of the file is not in the CLASSPATH (or is hidden by an unenhanced version), or the Meta-Data/annotations for the class are not found.
2016-09-13 16:55:36 ERROR Test:39 - org.datanucleus.api.jdo.exceptions.ClassNotPersistenceCapableException: The class "org.tbitsglobal.User" is not persistable. This means that it either hasnt been enhanced, or that the enhanced version of the file is not in the CLASSPATH (or is hidden by an unenhanced version), or the Meta-Data/annotations for the class are not found.
NestedThrowables:
org.datanucleus.exceptions.ClassNotPersistableException: The class "org.tbitsglobal.User" is not persistable. This means that it either hasnt been enhanced, or that the enhanced version of the file is not in the CLASSPATH (or is hidden by an unenhanced version), or the Meta-Data/annotations for the class are not found.
2016-09-13 16:55:37 ERROR Test:39 - org.datanucleus.api.jdo.exceptions.ClassNotPersistenceCapableException: The class "org.tbitsglobal.User" is not persistable. This means that it either hasnt been enhanced, or that the enhanced version of the file is not in the CLASSPATH (or is hidden by an unenhanced version), or the Meta-Data/annotations for the class are not found.
NestedThrowables:
org.datanucleus.exceptions.ClassNotPersistableException: The class "org.tbitsglobal.User" is not persistable. This means that it either hasnt been enhanced, or that the enhanced version of the file is not in the CLASSPATH (or is hidden by an unenhanced version), or the Meta-Data/annotations for the class are not found.
2016-09-13 16:55:37 ERROR Test:39 - org.datanucleus.api.jdo.exceptions.ClassNotPersistenceCapableException: The class "org.tbitsglobal.User" is not persistable. This means that it either hasnt been enhanced, or that the enhanced version of the file is not in the CLASSPATH (or is hidden by an unenhanced version), or the Meta-Data/annotations for the class are not found.
NestedThrowables:
org.datanucleus.exceptions.ClassNotPersistableException: The class "org.tbitsglobal.User" is not persistable. This means that it either hasnt been enhanced, or that the enhanced version of the file is not in the CLASSPATH (or is hidden by an unenhanced version), or the Meta-Data/annotations for the class are not found.
2016-09-13 16:55:37 ERROR Test:39 - org.datanucleus.api.jdo.exceptions.ClassNotPersistenceCapableException: The class "org.tbitsglobal.User" is not persistable. This means that it either hasnt been enhanced, or that the enhanced version of the file is not in the CLASSPATH (or is hidden by an unenhanced version), or the Meta-Data/annotations for the class are not found.
NestedThrowables:
org.datanucleus.exceptions.ClassNotPersistableException: The class "org.tbitsglobal.User" is not persistable. This means that it either hasnt been enhanced, or that the enhanced version of the file is not in the CLASSPATH (or is hidden by an unenhanced version), or the Meta-Data/annotations for the class are not found.
